<?xml version="1.0" encoding="UTF-8"?>
<!-- Generated by org.testng.reporters.JUnitXMLReporter -->
<testsuite ignored="0" hostname="abhi-Lenovo-ideapad-330-15IKB" failures="1" tests="9" name="Test" time="146.514" errors="0" timestamp="2025-05-08T12:42:20 IST">
  <testcase classname="testCases.TC001_AccountRegistrationTest" name="verify_account_registration" time="11.091"/>
  <testcase classname="testCases.TC002_LoginTest" name="verify_login" time="14.795"/>
  <testcase classname="testCases.TC003_LoginDDT" name="verify_loginDDT" time="12.719"/>
  <testcase classname="testCases.TC003_LoginDDT" name="verify_loginDDT" time="13.061">
    <failure type="java.lang.AssertionError" message="expected [true] but found [false]">
      <![CDATA[java.lang.AssertionError: expected [true] but found [false]
at testCases.TC003_LoginDDT.verify_loginDDT(TC003_LoginDDT.java:51)
at java.base/java.util.ArrayList.forEach(ArrayList.java:1596)
... Removed 29 stack frames]]>
    </failure>
  </testcase> <!-- verify_loginDDT -->
  <testcase classname="testCases.TC003_LoginDDT" name="verify_loginDDT" time="4.318"/>
  <testcase classname="testCases.TC003_LoginDDT" name="verify_loginDDT" time="12.427"/>
  <testcase classname="testCases.TC004_SearchProductTest" name="verify_productsearch" time="2.317"/>
  <testcase classname="testCases.TC005_AddtocartTest" name="TestCart" time="4.226"/>
  <testcase classname="testCases.TC006_ShoppingCartTest" name="Checkout" time="3.12"/>
</testsuite> <!-- Test -->
