<?xml version="1.0" encoding="UTF-8"?>
<!-- Generated by org.testng.reporters.JUnitXMLReporter -->
<testsuite ignored="0" hostname="abhi-Lenovo-ideapad-330-15IKB" failures="1" tests="9" name="Test" time="143.045" errors="0" timestamp="2025-05-07T18:50:35 IST">
  <testcase classname="testCases.TC001_AccountRegistrationTest" name="verify_account_registration" time="10.438"/>
  <testcase classname="testCases.TC002_LoginTest" name="verify_login" time="15.084"/>
  <testcase classname="testCases.TC003_LoginDDT" name="verify_loginDDT" time="12.951"/>
  <testcase classname="testCases.TC003_LoginDDT" name="verify_loginDDT" time="13.156">
    <failure type="java.lang.AssertionError" message="expected [true] but found [false]">
      <![CDATA[java.lang.AssertionError: expected [true] but found [false]
at testCases.TC003_LoginDDT.verify_loginDDT(TC003_LoginDDT.java:51)
at java.base/java.util.ArrayList.forEach(ArrayList.java:1596)
... Removed 33 stack frames]]>
    </failure>
  </testcase> <!-- verify_loginDDT -->
  <testcase classname="testCases.TC003_LoginDDT" name="verify_loginDDT" time="4.366"/>
  <testcase classname="testCases.TC003_LoginDDT" name="verify_loginDDT" time="12.6"/>
  <testcase classname="testCases.TC004_SearchProductTest" name="verify_productsearch" time="2.511"/>
  <testcase classname="testCases.TC005_AddtocartTest" name="TestCart" time="4.159"/>
  <testcase classname="testCases.TC006_ShoppingCartTest" name="Checkout" time="3.124"/>
</testsuite> <!-- Test -->
